<?xml version="1.0" encoding="UTF-8"?>
<!-- Generated by org.testng.reporters.JUnitReportReporter -->
<testsuite hostname="WIN-Server" name="ca.media.mp3.adapter.SimplePresenterTest" tests="1" failures="0" timestamp="8 Aug 2018 05:32:59 GMT" time="0.001" errors="0">
  <testcase name="tagToStringWithNonNullParameter" time="0.001" classname="ca.media.mp3.adapter.SimplePresenterTest"/>
</testsuite> <!-- ca.media.mp3.adapter.SimplePresenterTest -->
