<?xml version="1.0" encoding="UTF-8"?>
<!-- Generated by org.testng.reporters.JUnitReportReporter -->
<testsuite hostname="WIN-Server" name="ca.media.mp3.application.ID3V2ToolTest" tests="4" failures="0" timestamp="8 Aug 2018 05:32:59 GMT" time="0.003" errors="0">
  <testcase name="performOnMP3WithAnID3V2TagWithOneFrame" time="0.002" classname="ca.media.mp3.application.ID3V2ToolTest"/>
  <testcase name="performOnMP3WithAnID3V2TagWithoutFrames" time="0.001" classname="ca.media.mp3.application.ID3V2ToolTest"/>
  <testcase name="readUptoTenBytes" time="0.000" classname="ca.media.mp3.application.ID3V2ToolTest"/>
  <testcase name="performOnMP3WithoutID3V2Tag" time="0.000" classname="ca.media.mp3.application.ID3V2ToolTest"/>
</testsuite> <!-- ca.media.mp3.application.ID3V2ToolTest -->
