<?xml version="1.0" encoding="UTF-8"?>
<!-- Generated by org.testng.reporters.JUnitReportReporter -->
<testsuite hostname="WIN-Server" name="ca.media.mp3.adapter.ID3ReaderFactoryTest" tests="3" failures="0" timestamp="8 Aug 2018 05:32:59 GMT" time="0.002" errors="0">
  <testcase name="checkFileNotFound" time="0.001" classname="ca.media.mp3.adapter.ID3ReaderFactoryTest"/>
  <testcase name="instantiateAFactory" time="0.000" classname="ca.media.mp3.adapter.ID3ReaderFactoryTest"/>
  <testcase name="returnAReader" time="0.001" classname="ca.media.mp3.adapter.ID3ReaderFactoryTest"/>
</testsuite> <!-- ca.media.mp3.adapter.ID3ReaderFactoryTest -->
