<?xml version="1.0" encoding="UTF-8"?>
<!-- Generated by org.testng.reporters.JUnitReportReporter -->
<testsuite hostname="WIN-Server" name="ca.media.mp3.entity.FrameTest" tests="11" failures="0" timestamp="8 Aug 2018 05:32:59 GMT" time="0.040" errors="0">
  <testcase name="calculateSizeOnEmptyArray" time="0.001" classname="ca.media.mp3.entity.FrameTest"/>
  <testcase name="calculateSizeOnInvalidArray" time="0.000" classname="ca.media.mp3.entity.FrameTest"/>
  <testcase name="calculateSizeOnInvalidArray" time="0.000" classname="ca.media.mp3.entity.FrameTest"/>
  <testcase name="aTooShortArrayIsNotAFrame" time="0.001" classname="ca.media.mp3.entity.FrameTest"/>
  <testcase name="calculateSizeOnInvalidArray" time="0.000" classname="ca.media.mp3.entity.FrameTest"/>
  <testcase name="constructorReceivesAValidFrameArray" time="0.037" classname="ca.media.mp3.entity.FrameTest"/>
  <testcase name="calculateSizeOnInvalidArray" time="0.000" classname="ca.media.mp3.entity.FrameTest"/>
  <testcase name="constructorReceivesAnInvalidFrameArray" time="0.000" classname="ca.media.mp3.entity.FrameTest"/>
  <testcase name="frameToString" time="0.001" classname="ca.media.mp3.entity.FrameTest"/>
  <testcase name="receivesAnInvalidEncodingByte" time="0.000" classname="ca.media.mp3.entity.FrameTest"/>
  <testcase name="thisArrayIsAValidFrame" time="0.000" classname="ca.media.mp3.entity.FrameTest"/>
</testsuite> <!-- ca.media.mp3.entity.FrameTest -->
